<?xml version="1.0" encoding="UTF-8"?>
<beans xmlns="http://www.springframework.org/schema/beans"
       xmlns:xsi="http://www.w3.org/2001/XMLSchema-instance"
       xmlns:myname2="http://www.example.org/schema/user"
       xsi:schemaLocation="http://www.springframework.org/schema/beans http://www.springframework.org/schema/beans/spring-beans.xsd
             http://www.example.org/schema/user http://www.example.org/schema/user.xsd">

    <bean id="testA" class="com.bean.TestA">
        <constructor-arg index="0" ref="testB"></constructor-arg>
    </bean>

    <bean id="testB" class="com.bean.TestB">
        <constructor-arg index="0" ref="testC"></constructor-arg>
    </bean>

    <bean id="testC" class="com.bean.TestC">
        <constructor-arg index="0" ref="testA"></constructor-arg>
    </bean>

</beans>